Построение начато 18.02.2015 23:28:01.
     1>Проект "c:\Users\Crank\documents\visual studio 2010\Projects\taskArr\taskArr\taskArr.vcxproj" в узле 2 (целевые объекты build).
     1>InitializeBuildStatus:
         Создание "Debug\taskArr.unsuccessfulbuild", так как было задано "AlwaysCreate".
       ClCompile:
         Для всех выходных данных обновления не требуется.
         c:\Program Files (x86)\Microsoft Visual Studio 10.0\VC\bin\CL.exe /c /ZI /nologo /W3 /WX- /Od /Oy- /D WIN32 /D _DEBUG /D _CONSOLE /D _UNICODE /D UNICODE /Gm /EHsc /RTC1 /MDd /GS /fp:precise /Zc:wchar_t /Zc:forScope /Yu"StdAfx.h" /Fp"Debug\taskArr.pch" /Fo"Debug\\" /Fd"Debug\vc100.pdb" /Gd /TP /analyze- /errorReport:prompt taskArr.cpp
         taskArr.cpp
       ManifestResourceCompile:
         Для всех выходных данных обновления не требуется.
       Link:
         c:\Program Files (x86)\Microsoft Visual Studio 10.0\VC\bin\link.exe /ERRORREPORT:PROMPT /OUT:"c:\users\crank\documents\visual studio 2010\Projects\taskArr\Debug\taskArr.exe" /INCREMENTAL /NOLOGO kernel32.lib user32.lib gdi32.lib winspool.lib comdlg32.lib advapi32.lib shell32.lib ole32.lib oleaut32.lib uuid.lib odbc32.lib odbccp32.lib /MANIFEST /ManifestFile:"Debug\taskArr.exe.intermediate.manifest" /MANIFESTUAC:"level='asInvoker' uiAccess='false'" /DEBUG /PDB:"c:\users\crank\documents\visual studio 2010\Projects\taskArr\Debug\taskArr.pdb" /SUBSYSTEM:CONSOLE /TLBID:1 /DYNAMICBASE /NXCOMPAT /IMPLIB:"c:\users\crank\documents\visual studio 2010\Projects\taskArr\Debug\taskArr.lib" /MACHINE:X86 Debug\taskArr.exe.embed.manifest.res
         Debug\stdafx.obj
         Debug\taskArr.obj
       Manifest:
         c:\Program Files (x86)\Microsoft SDKs\Windows\v7.0A\bin\mt.exe /nologo /verbose /out:"Debug\taskArr.exe.embed.manifest" /manifest Debug\taskArr.exe.intermediate.manifest
         Для всех выходных данных обновления не требуется.
       LinkEmbedManifest:
         Для всех выходных данных обновления не требуется.
         taskArr.vcxproj -> c:\users\crank\documents\visual studio 2010\Projects\taskArr\Debug\taskArr.exe
       FinalizeBuildStatus:
         Файл "Debug\taskArr.unsuccessfulbuild" удаляется.
         Обращение к "Debug\taskArr.lastbuildstate".
     1>Построение проекта "c:\Users\Crank\documents\visual studio 2010\Projects\taskArr\taskArr\taskArr.vcxproj" завершено (целевые объекты build).

Построение успешно завершено.

Затраченное время: 00:00:00.46
